c:\users\goope\onedrive\desktop\lbicrapblox\lbicrapblox\release\vc143.pdb
c:\users\goope\onedrive\desktop\lbicrapblox\lbicrapblox\release\output.obj
c:\users\goope\onedrive\desktop\lbicrapblox\lbicrapblox\release\newcclosure.obj
c:\users\goope\onedrive\desktop\lbicrapblox\lbicrapblox\release\lurlparser.obj
c:\users\goope\onedrive\desktop\lbicrapblox\lbicrapblox\release\jhook.obj
c:\users\goope\onedrive\desktop\lbicrapblox\lbicrapblox\release\identity.obj
c:\users\goope\onedrive\desktop\lbicrapblox\lbicrapblox\release\handlers.obj
c:\users\goope\onedrive\desktop\lbicrapblox\lbicrapblox\release\getobjects.obj
c:\users\goope\onedrive\desktop\lbicrapblox\lbicrapblox\release\execution.obj
c:\users\goope\onedrive\desktop\lbicrapblox\lbicrapblox\release\dllmain.obj
c:\users\goope\onedrive\desktop\lbicrapblox\lbicrapblox\release\debug.obj
c:\users\goope\onedrive\desktop\lbicrapblox\lbicrapblox\release\datamodelfuncs.obj
c:\users\goope\onedrive\desktop\lbicrapblox\lbicrapblox\release\datamodel.obj
c:\users\goope\onedrive\desktop\lbicrapblox\lbicrapblox\release\customfuncs.obj
c:\users\goope\onedrive\desktop\lbicrapblox\lbicrapblox\release\crypt.obj
c:\users\goope\onedrive\desktop\lbicrapblox\lbicrapblox\release\content.obj
c:\users\goope\onedrive\desktop\lbicrapblox\lbicrapblox\release\ckey.obj
c:\users\goope\onedrive\desktop\lbicrapblox\lbicrapblox\release\cfunction.obj
c:\users\goope\onedrive\desktop\lbicrapblox\lbicrapblox\release\bit.obj
c:\users\goope\onedrive\desktop\lbicrapblox\lbicrapblox\release\auth.obj
c:\users\goope\onedrive\desktop\lbicrapblox\lbicrapblox\release\addresses.obj
c:\users\goope\onedrive\desktop\lbicrapblox\lbicrapblox\release\vehandler.obj
c:\users\goope\onedrive\desktop\lbicrapblox\lbicrapblox\release\stateg.obj
c:\users\goope\onedrive\desktop\lbicrapblox\lbicrapblox\release\singletons.obj
c:\users\goope\onedrive\desktop\lbicrapblox\lbicrapblox\release\serializer.obj
c:\users\goope\onedrive\desktop\lbicrapblox\lbicrapblox\release\rinstr.obj
c:\users\goope\onedrive\desktop\lbicrapblox\lbicrapblox\release\reflection.obj
c:\users\goope\onedrive\desktop\lbicrapblox\lbicrapblox\release\lparser.obj
c:\users\goope\onedrive\desktop\lbicrapblox\lbicrapblox\release\loslib.obj
c:\users\goope\onedrive\desktop\lbicrapblox\lbicrapblox\release\lopcodes.obj
c:\users\goope\onedrive\desktop\lbicrapblox\lbicrapblox\release\lobject.obj
c:\users\goope\onedrive\desktop\lbicrapblox\lbicrapblox\release\loadlib.obj
c:\users\goope\onedrive\desktop\lbicrapblox\lbicrapblox\release\lmem.obj
c:\users\goope\onedrive\desktop\lbicrapblox\lbicrapblox\release\lmathlib.obj
c:\users\goope\onedrive\desktop\lbicrapblox\lbicrapblox\release\llex.obj
c:\users\goope\onedrive\desktop\lbicrapblox\lbicrapblox\release\liolib.obj
c:\users\goope\onedrive\desktop\lbicrapblox\lbicrapblox\release\linit.obj
c:\users\goope\onedrive\desktop\lbicrapblox\lbicrapblox\release\lgc.obj
c:\users\goope\onedrive\desktop\lbicrapblox\lbicrapblox\release\lfunc.obj
c:\users\goope\onedrive\desktop\lbicrapblox\lbicrapblox\release\ldump.obj
c:\users\goope\onedrive\desktop\lbicrapblox\lbicrapblox\release\ldo.obj
c:\users\goope\onedrive\desktop\lbicrapblox\lbicrapblox\release\ldebug.obj
c:\users\goope\onedrive\desktop\lbicrapblox\lbicrapblox\release\ldblib.obj
c:\users\goope\onedrive\desktop\lbicrapblox\lbicrapblox\release\lcode.obj
c:\users\goope\onedrive\desktop\lbicrapblox\lbicrapblox\release\lbaselib.obj
c:\users\goope\onedrive\desktop\lbicrapblox\lbicrapblox\release\lauxlib.obj
c:\users\goope\onedrive\desktop\lbicrapblox\lbicrapblox\release\lapi.obj
c:\users\goope\onedrive\desktop\lbicrapblox\lbicrapblox\release\xxhash.obj
c:\users\goope\onedrive\desktop\lbicrapblox\lbicrapblox\release\lz4hc.obj
c:\users\goope\onedrive\desktop\lbicrapblox\lbicrapblox\release\lz4.obj
c:\users\goope\onedrive\desktop\lbicrapblox\lbicrapblox\release\print.obj
c:\users\goope\onedrive\desktop\lbicrapblox\lbicrapblox\release\lzio.obj
c:\users\goope\onedrive\desktop\lbicrapblox\lbicrapblox\release\lvm.obj
c:\users\goope\onedrive\desktop\lbicrapblox\lbicrapblox\release\lundump.obj
c:\users\goope\onedrive\desktop\lbicrapblox\lbicrapblox\release\ltm.obj
c:\users\goope\onedrive\desktop\lbicrapblox\lbicrapblox\release\ltablib.obj
c:\users\goope\onedrive\desktop\lbicrapblox\lbicrapblox\release\ltable.obj
c:\users\goope\onedrive\desktop\lbicrapblox\lbicrapblox\release\lstrlib.obj
c:\users\goope\onedrive\desktop\lbicrapblox\lbicrapblox\release\lstring.obj
c:\users\goope\onedrive\desktop\lbicrapblox\lbicrapblox\release\lstate.obj
c:\users\goope\onedrive\desktop\lbicrapblox\release\lbicrapblox.dll
c:\users\goope\onedrive\desktop\lbicrapblox\lbicrapblox\release\lbicrapblox.ipdb
c:\users\goope\onedrive\desktop\lbicrapblox\lbicrapblox\release\lbicrapblox.iobj
c:\users\goope\onedrive\desktop\lbicrapblox\release\lbicrapblox.pdb
c:\users\goope\onedrive\desktop\lbicrapblox\lbicrapblox\release\lbicrapblox.tlog\cl.command.1.tlog
c:\users\goope\onedrive\desktop\lbicrapblox\lbicrapblox\release\lbicrapblox.tlog\cl.read.1.tlog
c:\users\goope\onedrive\desktop\lbicrapblox\lbicrapblox\release\lbicrapblox.tlog\cl.write.1.tlog
c:\users\goope\onedrive\desktop\lbicrapblox\lbicrapblox\release\lbicrapblox.tlog\link.command.1.tlog
c:\users\goope\onedrive\desktop\lbicrapblox\lbicrapblox\release\lbicrapblox.tlog\link.read.1.tlog
c:\users\goope\onedrive\desktop\lbicrapblox\lbicrapblox\release\lbicrapblox.tlog\link.write.1.tlog
